[ 2021-01-17T09:41:46+08:00 ] 192.168.0.105 /restaurant/index.php/home/menu/index
INFO: [ app_init ] --START--
INFO: Run Behavior\BuildLiteBehavior [ RunTime:0.000004s ]
INFO: [ app_init ] --END-- [ RunTime:0.000222s ]
INFO: [ app_begin ] --START--
INFO: Run Behavior\ReadHtmlCacheBehavior [ RunTime:0.000368s ]
INFO: [ app_begin ] --END-- [ RunTime:0.000381s ]
INFO: [ view_parse ] --START--
INFO: [ template_filter ] --START--
INFO: Run Behavior\ContentReplaceBehavior [ RunTime:0.000033s ]
INFO: [ template_filter ] --END-- [ RunTime:0.000045s ]
INFO: Run Behavior\ParseTemplateBehavior [ RunTime:0.004440s ]
INFO: [ view_parse ] --END-- [ RunTime:0.004453s ]
INFO: [ view_filter ] --START--
INFO: Run Behavior\WriteHtmlCacheBehavior [ RunTime:0.000163s ]
INFO: [ view_filter ] --END-- [ RunTime:0.000171s ]
INFO: [ app_end ] --START--
INFO: Run Behavior\ShowPageTraceBehavior [ RunTime:0.000286s ]
INFO: [ app_end ] --END-- [ RunTime:0.000297s ]

[ 2021-01-17T09:41:46+08:00 ] 192.168.0.105 /restaurant/index.php/home/menu/query?_search=false&nd=1610905339865&rows=10&page=1&sidx=&sord=asc
INFO: [ app_init ] --START--
INFO: Run Behavior\BuildLiteBehavior [ RunTime:0.000004s ]
INFO: [ app_init ] --END-- [ RunTime:0.000110s ]
INFO: [ app_begin ] --START--
INFO: Run Behavior\ReadHtmlCacheBehavior [ RunTime:0.000139s ]
INFO: [ app_begin ] --END-- [ RunTime:0.000150s ]
ERR: SQLSTATE[HY000] [2002] Connection refused

[ 2021-01-17T09:41:49+08:00 ] 192.168.0.105 /restaurant/index.php/home/login/logout
INFO: [ app_init ] --START--
INFO: Run Behavior\BuildLiteBehavior [ RunTime:0.000003s ]
INFO: [ app_init ] --END-- [ RunTime:0.000104s ]
INFO: [ app_begin ] --START--
INFO: Run Behavior\ReadHtmlCacheBehavior [ RunTime:0.000133s ]
INFO: [ app_begin ] --END-- [ RunTime:0.000144s ]
INFO: [ view_parse ] --START--
INFO: [ template_filter ] --START--
INFO: Run Behavior\ContentReplaceBehavior [ RunTime:0.000015s ]
INFO: [ template_filter ] --END-- [ RunTime:0.000032s ]
INFO: Run Behavior\ParseTemplateBehavior [ RunTime:0.002229s ]
INFO: [ view_parse ] --END-- [ RunTime:0.002244s ]
INFO: [ view_filter ] --START--
INFO: Run Behavior\WriteHtmlCacheBehavior [ RunTime:0.000054s ]
INFO: [ view_filter ] --END-- [ RunTime:0.000061s ]
INFO: [ app_end ] --START--
INFO: Run Behavior\ShowPageTraceBehavior [ RunTime:0.000256s ]
INFO: [ app_end ] --END-- [ RunTime:0.000266s ]

[ 2021-01-17T09:41:52+08:00 ] 192.168.0.105 /restaurant/index.php/home/login/index
INFO: [ app_init ] --START--
INFO: Run Behavior\BuildLiteBehavior [ RunTime:0.000004s ]
INFO: [ app_init ] --END-- [ RunTime:0.000104s ]
INFO: [ app_begin ] --START--
INFO: Run Behavior\ReadHtmlCacheBehavior [ RunTime:0.000132s ]
INFO: [ app_begin ] --END-- [ RunTime:0.000143s ]
INFO: [ view_parse ] --START--
INFO: [ template_filter ] --START--
INFO: Run Behavior\ContentReplaceBehavior [ RunTime:0.000015s ]
INFO: [ template_filter ] --END-- [ RunTime:0.000031s ]
INFO: Run Behavior\ParseTemplateBehavior [ RunTime:0.001726s ]
INFO: [ view_parse ] --END-- [ RunTime:0.001746s ]
INFO: [ view_filter ] --START--
INFO: Run Behavior\WriteHtmlCacheBehavior [ RunTime:0.000051s ]
INFO: [ view_filter ] --END-- [ RunTime:0.000058s ]
INFO: [ app_end ] --START--
INFO: Run Behavior\ShowPageTraceBehavior [ RunTime:0.000183s ]
INFO: [ app_end ] --END-- [ RunTime:0.000192s ]

[ 2021-01-17T09:42:05+08:00 ] 192.168.0.105 /restaurant/index.php/home/login/do_login
INFO: [ app_init ] --START--
INFO: Run Behavior\BuildLiteBehavior [ RunTime:0.000003s ]
INFO: [ app_init ] --END-- [ RunTime:0.000110s ]
INFO: [ app_begin ] --START--
INFO: Run Behavior\ReadHtmlCacheBehavior [ RunTime:0.000135s ]
INFO: [ app_begin ] --END-- [ RunTime:0.000148s ]
INFO: [ view_parse ] --START--
INFO: [ template_filter ] --START--
INFO: Run Behavior\ContentReplaceBehavior [ RunTime:0.000012s ]
INFO: [ template_filter ] --END-- [ RunTime:0.000023s ]
INFO: Run Behavior\ParseTemplateBehavior [ RunTime:0.001957s ]
INFO: [ view_parse ] --END-- [ RunTime:0.001968s ]
INFO: [ view_filter ] --START--
INFO: Run Behavior\WriteHtmlCacheBehavior [ RunTime:0.000050s ]
INFO: [ view_filter ] --END-- [ RunTime:0.000057s ]

[ 2021-01-17T09:42:09+08:00 ] 192.168.0.105 /restaurant/index.php/home/login/index
INFO: [ app_init ] --START--
INFO: Run Behavior\BuildLiteBehavior [ RunTime:0.000003s ]
INFO: [ app_init ] --END-- [ RunTime:0.000103s ]
INFO: [ app_begin ] --START--
INFO: Run Behavior\ReadHtmlCacheBehavior [ RunTime:0.000132s ]
INFO: [ app_begin ] --END-- [ RunTime:0.000143s ]
INFO: [ view_parse ] --START--
INFO: [ template_filter ] --START--
INFO: Run Behavior\ContentReplaceBehavior [ RunTime:0.000012s ]
INFO: [ template_filter ] --END-- [ RunTime:0.000022s ]
INFO: Run Behavior\ParseTemplateBehavior [ RunTime:0.001391s ]
INFO: [ view_parse ] --END-- [ RunTime:0.001402s ]
INFO: [ view_filter ] --START--
INFO: Run Behavior\WriteHtmlCacheBehavior [ RunTime:0.000047s ]
INFO: [ view_filter ] --END-- [ RunTime:0.000054s ]
INFO: [ app_end ] --START--
INFO: Run Behavior\ShowPageTraceBehavior [ RunTime:0.000147s ]
INFO: [ app_end ] --END-- [ RunTime:0.000155s ]

[ 2021-01-17T09:42:14+08:00 ] 192.168.0.105 /restaurant/index.php/home/login/do_login
INFO: [ app_init ] --START--
INFO: Run Behavior\BuildLiteBehavior [ RunTime:0.000003s ]
INFO: [ app_init ] --END-- [ RunTime:0.000104s ]
INFO: [ app_begin ] --START--
INFO: Run Behavior\ReadHtmlCacheBehavior [ RunTime:0.000130s ]
INFO: [ app_begin ] --END-- [ RunTime:0.000142s ]
INFO: [ view_parse ] --START--
INFO: [ template_filter ] --START--
INFO: Run Behavior\ContentReplaceBehavior [ RunTime:0.000011s ]
INFO: [ template_filter ] --END-- [ RunTime:0.000022s ]
INFO: Run Behavior\ParseTemplateBehavior [ RunTime:0.001531s ]
INFO: [ view_parse ] --END-- [ RunTime:0.001542s ]
INFO: [ view_filter ] --START--
INFO: Run Behavior\WriteHtmlCacheBehavior [ RunTime:0.000048s ]
INFO: [ view_filter ] --END-- [ RunTime:0.000054s ]

[ 2021-01-17T09:42:17+08:00 ] 192.168.0.105 /restaurant/index.php/home/login/index
INFO: [ app_init ] --START--
INFO: Run Behavior\BuildLiteBehavior [ RunTime:0.000004s ]
INFO: [ app_init ] --END-- [ RunTime:0.000105s ]
INFO: [ app_begin ] --START--
INFO: Run Behavior\ReadHtmlCacheBehavior [ RunTime:0.000132s ]
INFO: [ app_begin ] --END-- [ RunTime:0.000143s ]
INFO: [ view_parse ] --START--
INFO: [ template_filter ] --START--
INFO: Run Behavior\ContentReplaceBehavior [ RunTime:0.000011s ]
INFO: [ template_filter ] --END-- [ RunTime:0.000022s ]
INFO: Run Behavior\ParseTemplateBehavior [ RunTime:0.001388s ]
INFO: [ view_parse ] --END-- [ RunTime:0.001399s ]
INFO: [ view_filter ] --START--
INFO: Run Behavior\WriteHtmlCacheBehavior [ RunTime:0.000048s ]
INFO: [ view_filter ] --END-- [ RunTime:0.000054s ]
INFO: [ app_end ] --START--
INFO: Run Behavior\ShowPageTraceBehavior [ RunTime:0.000145s ]
INFO: [ app_end ] --END-- [ RunTime:0.000153s ]

[ 2021-01-17T09:42:25+08:00 ] 192.168.0.105 /restaurant/index.php/home/login/do_login
INFO: [ app_init ] --START--
INFO: Run Behavior\BuildLiteBehavior [ RunTime:0.000003s ]
INFO: [ app_init ] --END-- [ RunTime:0.000111s ]
INFO: [ app_begin ] --START--
INFO: Run Behavior\ReadHtmlCacheBehavior [ RunTime:0.000136s ]
INFO: [ app_begin ] --END-- [ RunTime:0.000147s ]
INFO: [ view_parse ] --START--
INFO: [ template_filter ] --START--
INFO: Run Behavior\ContentReplaceBehavior [ RunTime:0.000012s ]
INFO: [ template_filter ] --END-- [ RunTime:0.000024s ]
INFO: Run Behavior\ParseTemplateBehavior [ RunTime:0.002013s ]
INFO: [ view_parse ] --END-- [ RunTime:0.002024s ]
INFO: [ view_filter ] --START--
INFO: Run Behavior\WriteHtmlCacheBehavior [ RunTime:0.000050s ]
INFO: [ view_filter ] --END-- [ RunTime:0.000057s ]
INFO: [ app_end ] --START--
INFO: Run Behavior\ShowPageTraceBehavior [ RunTime:0.000149s ]
INFO: [ app_end ] --END-- [ RunTime:0.000159s ]

[ 2021-01-17T09:42:28+08:00 ] 192.168.0.105 /restaurant/index.php/home/index/index
INFO: [ app_init ] --START--
INFO: Run Behavior\BuildLiteBehavior [ RunTime:0.000004s ]
INFO: [ app_init ] --END-- [ RunTime:0.000103s ]
INFO: [ app_begin ] --START--
INFO: Run Behavior\ReadHtmlCacheBehavior [ RunTime:0.000133s ]
INFO: [ app_begin ] --END-- [ RunTime:0.000144s ]
INFO: [ view_parse ] --START--
INFO: [ template_filter ] --START--
INFO: Run Behavior\ContentReplaceBehavior [ RunTime:0.000017s ]
INFO: [ template_filter ] --END-- [ RunTime:0.000033s ]
INFO: Run Behavior\ParseTemplateBehavior [ RunTime:0.001847s ]
INFO: [ view_parse ] --END-- [ RunTime:0.001864s ]
INFO: [ view_filter ] --START--
INFO: Run Behavior\WriteHtmlCacheBehavior [ RunTime:0.000050s ]
INFO: [ view_filter ] --END-- [ RunTime:0.000057s ]
INFO: [ app_end ] --START--
INFO: Run Behavior\ShowPageTraceBehavior [ RunTime:0.000151s ]
INFO: [ app_end ] --END-- [ RunTime:0.000160s ]

[ 2021-01-17T09:42:31+08:00 ] 192.168.0.105 /restaurant/index.php/home/menu/index
INFO: [ app_init ] --START--
INFO: Run Behavior\BuildLiteBehavior [ RunTime:0.000004s ]
INFO: [ app_init ] --END-- [ RunTime:0.000110s ]
INFO: [ app_begin ] --START--
INFO: Run Behavior\ReadHtmlCacheBehavior [ RunTime:0.000137s ]
INFO: [ app_begin ] --END-- [ RunTime:0.000149s ]
INFO: [ view_parse ] --START--
INFO: [ template_filter ] --START--
INFO: Run Behavior\ContentReplaceBehavior [ RunTime:0.000034s ]
INFO: [ template_filter ] --END-- [ RunTime:0.000045s ]
INFO: Run Behavior\ParseTemplateBehavior [ RunTime:0.002646s ]
INFO: [ view_parse ] --END-- [ RunTime:0.002659s ]
INFO: [ view_filter ] --START--
INFO: Run Behavior\WriteHtmlCacheBehavior [ RunTime:0.000049s ]
INFO: [ view_filter ] --END-- [ RunTime:0.000057s ]
INFO: [ app_end ] --START--
INFO: Run Behavior\ShowPageTraceBehavior [ RunTime:0.000150s ]
INFO: [ app_end ] --END-- [ RunTime:0.000160s ]

[ 2021-01-17T09:42:32+08:00 ] 192.168.0.105 /restaurant/index.php/home/menu/query?_search=false&nd=1610905385922&rows=10&page=1&sidx=&sord=asc
INFO: [ app_init ] --START--
INFO: Run Behavior\BuildLiteBehavior [ RunTime:0.000003s ]
INFO: [ app_init ] --END-- [ RunTime:0.000104s ]
INFO: [ app_begin ] --START--
INFO: Run Behavior\ReadHtmlCacheBehavior [ RunTime:0.000132s ]
INFO: [ app_begin ] --END-- [ RunTime:0.000143s ]
SQL: SHOW COLUMNS FROM `menu` [ RunTime:0.0019s ]
SQL: SELECT * FROM `menu` LIMIT 0,10   [ RunTime:0.0004s ]
SQL: SELECT COUNT(*) AS tp_count FROM `menu` LIMIT 1   [ RunTime:0.0007s ]
INFO: [ app_end ] --START--
INFO: Run Behavior\ShowPageTraceBehavior [ RunTime:0.000221s ]
INFO: [ app_end ] --END-- [ RunTime:0.000233s ]

[ 2021-01-17T09:42:33+08:00 ] 192.168.0.105 /restaurant/index.php/home/queue/index
INFO: [ app_init ] --START--
INFO: Run Behavior\BuildLiteBehavior [ RunTime:0.000003s ]
INFO: [ app_init ] --END-- [ RunTime:0.000109s ]
INFO: [ app_begin ] --START--
INFO: Run Behavior\ReadHtmlCacheBehavior [ RunTime:0.000136s ]
INFO: [ app_begin ] --END-- [ RunTime:0.000148s ]
SQL: SHOW COLUMNS FROM `category` [ RunTime:0.0046s ]
SQL: SHOW COLUMNS FROM `queue` [ RunTime:0.0012s ]
SQL: SELECT `id`,`label`,`description` FROM `category`  [ RunTime:0.0004s ]
SQL: SELECT COUNT(*) AS tp_count FROM `queue` WHERE ( category_id=1 and status=0 ) LIMIT 1   [ RunTime:0.0003s ]
SQL: SELECT `number` FROM `queue` WHERE ( category_id=1 and status=1 ) ORDER BY updated_at desc LIMIT 1   [ RunTime:0.0002s ]
SQL: SELECT COUNT(*) AS tp_count FROM `queue` WHERE ( category_id=2 and status=0 ) LIMIT 1   [ RunTime:0.0001s ]
SQL: SELECT `number` FROM `queue` WHERE ( category_id=2 and status=1 ) ORDER BY updated_at desc LIMIT 1   [ RunTime:0.0001s ]
SQL: SELECT COUNT(*) AS tp_count FROM `queue` WHERE ( category_id=3 and status=0 ) LIMIT 1   [ RunTime:0.0002s ]
SQL: SELECT `number` FROM `queue` WHERE ( category_id=3 and status=1 ) ORDER BY updated_at desc LIMIT 1   [ RunTime:0.0002s ]
SQL: SELECT COUNT(*) AS tp_count FROM `queue` WHERE ( category_id=4 and status=0 ) LIMIT 1   [ RunTime:0.0001s ]
SQL: SELECT `number` FROM `queue` WHERE ( category_id=4 and status=1 ) ORDER BY updated_at desc LIMIT 1   [ RunTime:0.0002s ]
INFO: [ view_parse ] --START--
INFO: [ template_filter ] --START--
INFO: Run Behavior\ContentReplaceBehavior [ RunTime:0.000022s ]
INFO: [ template_filter ] --END-- [ RunTime:0.000035s ]
INFO: Run Behavior\ParseTemplateBehavior [ RunTime:0.002868s ]
INFO: [ view_parse ] --END-- [ RunTime:0.002883s ]
INFO: [ view_filter ] --START--
INFO: Run Behavior\WriteHtmlCacheBehavior [ RunTime:0.000056s ]
INFO: [ view_filter ] --END-- [ RunTime:0.000062s ]
INFO: [ app_end ] --START--
INFO: Run Behavior\ShowPageTraceBehavior [ RunTime:0.000161s ]
INFO: [ app_end ] --END-- [ RunTime:0.000170s ]

[ 2021-01-17T09:42:36+08:00 ] 192.168.0.105 /restaurant/index.php/home/category/index
INFO: [ app_init ] --START--
INFO: Run Behavior\BuildLiteBehavior [ RunTime:0.000003s ]
INFO: [ app_init ] --END-- [ RunTime:0.000105s ]
INFO: [ app_begin ] --START--
INFO: Run Behavior\ReadHtmlCacheBehavior [ RunTime:0.000133s ]
INFO: [ app_begin ] --END-- [ RunTime:0.000145s ]
INFO: [ view_parse ] --START--
INFO: [ template_filter ] --START--
INFO: Run Behavior\ContentReplaceBehavior [ RunTime:0.000025s ]
INFO: [ template_filter ] --END-- [ RunTime:0.000040s ]
INFO: Run Behavior\ParseTemplateBehavior [ RunTime:0.002068s ]
INFO: [ view_parse ] --END-- [ RunTime:0.002084s ]
INFO: [ view_filter ] --START--
INFO: Run Behavior\WriteHtmlCacheBehavior [ RunTime:0.000050s ]
INFO: [ view_filter ] --END-- [ RunTime:0.000057s ]
INFO: [ app_end ] --START--
INFO: Run Behavior\ShowPageTraceBehavior [ RunTime:0.000204s ]
INFO: [ app_end ] --END-- [ RunTime:0.000213s ]

[ 2021-01-17T09:42:36+08:00 ] 192.168.0.105 /restaurant/index.php/home/category/query?_search=false&nd=1610905389585&rows=10&page=1&sidx=&sord=asc
INFO: [ app_init ] --START--
INFO: Run Behavior\BuildLiteBehavior [ RunTime:0.000004s ]
INFO: [ app_init ] --END-- [ RunTime:0.000106s ]
INFO: [ app_begin ] --START--
INFO: Run Behavior\ReadHtmlCacheBehavior [ RunTime:0.000135s ]
INFO: [ app_begin ] --END-- [ RunTime:0.000145s ]
SQL: SHOW COLUMNS FROM `category` [ RunTime:0.0028s ]
SQL: SELECT * FROM `category` LIMIT 0,10   [ RunTime:0.0002s ]
SQL: SELECT COUNT(*) AS tp_count FROM `category` LIMIT 1   [ RunTime:0.0002s ]
INFO: [ app_end ] --START--
INFO: Run Behavior\ShowPageTraceBehavior [ RunTime:0.000173s ]
INFO: [ app_end ] --END-- [ RunTime:0.000185s ]

[ 2021-01-17T09:42:38+08:00 ] 192.168.0.105 /restaurant/index.php/home/table/index
INFO: [ app_init ] --START--
INFO: Run Behavior\BuildLiteBehavior [ RunTime:0.000004s ]
INFO: [ app_init ] --END-- [ RunTime:0.000106s ]
INFO: [ app_begin ] --START--
INFO: Run Behavior\ReadHtmlCacheBehavior [ RunTime:0.000132s ]
INFO: [ app_begin ] --END-- [ RunTime:0.000143s ]
SQL: SHOW COLUMNS FROM `category` [ RunTime:0.0008s ]
SQL: SELECT `id`,`description` FROM `category`  [ RunTime:0.0002s ]
INFO: [ view_parse ] --START--
INFO: [ template_filter ] --START--
INFO: Run Behavior\ContentReplaceBehavior [ RunTime:0.000027s ]
INFO: [ template_filter ] --END-- [ RunTime:0.000039s ]
INFO: Run Behavior\ParseTemplateBehavior [ RunTime:0.002244s ]
INFO: [ view_parse ] --END-- [ RunTime:0.002257s ]
INFO: [ view_filter ] --START--
INFO: Run Behavior\WriteHtmlCacheBehavior [ RunTime:0.000053s ]
INFO: [ view_filter ] --END-- [ RunTime:0.000060s ]
INFO: [ app_end ] --START--
INFO: Run Behavior\ShowPageTraceBehavior [ RunTime:0.000157s ]
INFO: [ app_end ] --END-- [ RunTime:0.000166s ]

[ 2021-01-17T09:42:38+08:00 ] 192.168.0.105 /restaurant/index.php/home/table/query?_search=false&nd=1610905391909&rows=10&page=1&sidx=&sord=asc
INFO: [ app_init ] --START--
INFO: Run Behavior\BuildLiteBehavior [ RunTime:0.000004s ]
INFO: [ app_init ] --END-- [ RunTime:0.000111s ]
INFO: [ app_begin ] --START--
INFO: Run Behavior\ReadHtmlCacheBehavior [ RunTime:0.000138s ]
INFO: [ app_begin ] --END-- [ RunTime:0.000149s ]
SQL: SHOW COLUMNS FROM `tables` [ RunTime:0.0014s ]
SQL: SELECT * FROM `tables` LIMIT 0,10   [ RunTime:0.0003s ]
SQL: SELECT COUNT(*) AS tp_count FROM `tables` LIMIT 1   [ RunTime:0.0003s ]
INFO: [ app_end ] --START--
INFO: Run Behavior\ShowPageTraceBehavior [ RunTime:0.000178s ]
INFO: [ app_end ] --END-- [ RunTime:0.000190s ]

